\BOOKMARK [0][-]{chapter.1}{Introduction}{}% 1
\BOOKMARK [1][-]{section.1.1}{Cloud Computing}{chapter.1}% 2
\BOOKMARK [2][-]{subsection.1.1.1}{Cloud optimization}{section.1.1}% 3
\BOOKMARK [2][-]{subsection.1.1.2}{Benefits}{section.1.1}% 4
\BOOKMARK [2][-]{subsection.1.1.3}{Challenges}{section.1.1}% 5
\BOOKMARK [1][-]{section.1.2}{Aims and Objectives}{chapter.1}% 6
\BOOKMARK [1][-]{section.1.3}{Contributions}{chapter.1}% 7
\BOOKMARK [1][-]{section.1.4}{Dissertation Outline}{chapter.1}% 8
\BOOKMARK [0][-]{chapter.2}{Literature Survey}{}% 9
\BOOKMARK [1][-]{section.2.1}{Cloud services}{chapter.2}% 10
\BOOKMARK [1][-]{section.2.2}{Cloud variability}{chapter.2}% 11
\BOOKMARK [1][-]{section.2.3}{Optimization methods}{chapter.2}% 12
\BOOKMARK [2][-]{subsection.2.3.1}{CherryPick}{section.2.3}% 13
\BOOKMARK [2][-]{subsection.2.3.2}{PARIS}{section.2.3}% 14
\BOOKMARK [2][-]{subsection.2.3.3}{Ernest}{section.2.3}% 15
\BOOKMARK [2][-]{subsection.2.3.4}{Daleel}{section.2.3}% 16
\BOOKMARK [2][-]{subsection.2.3.5}{Okta}{section.2.3}% 17
\BOOKMARK [2][-]{subsection.2.3.6}{OTHERS, LOOK UP}{section.2.3}% 18
\BOOKMARK [2][-]{subsection.2.3.7}{Exhaustive search}{section.2.3}% 19
\BOOKMARK [1][-]{section.2.4}{Benchmarks}{chapter.2}% 20
\BOOKMARK [2][-]{subsection.2.4.1}{Cloudsuite}{section.2.4}% 21
\BOOKMARK [2][-]{subsection.2.4.2}{vBench}{section.2.4}% 22
\BOOKMARK [2][-]{subsection.2.4.3}{OTHERS, LOOK UP}{section.2.4}% 23
\BOOKMARK [1][-]{section.2.5}{Infrastructure-as-code}{chapter.2}% 24
\BOOKMARK [2][-]{subsection.2.5.1}{Terraform}{section.2.5}% 25
\BOOKMARK [2][-]{subsection.2.5.2}{Apache Libcloud}{section.2.5}% 26
\BOOKMARK [2][-]{subsection.2.5.3}{Chef}{section.2.5}% 27
\BOOKMARK [2][-]{subsection.2.5.4}{Puppet}{section.2.5}% 28
\BOOKMARK [0][-]{chapter.3}{Requirements specification}{}% 29
\BOOKMARK [1][-]{section.3.1}{Use-case}{chapter.3}% 30
\BOOKMARK [2][-]{subsection.3.1.1}{Bayesian Optimization}{section.3.1}% 31
\BOOKMARK [2][-]{subsection.3.1.2}{Video transcoding}{section.3.1}% 32
\BOOKMARK [1][-]{section.3.2}{Requirements}{chapter.3}% 33
\BOOKMARK [1][-]{section.3.3}{Optional Requirements}{chapter.3}% 34
\BOOKMARK [0][-]{chapter.4}{Generic Automated Cloud Configuration Optimization Framework}{}% 35
\BOOKMARK [1][-]{section.4.1}{Design Motivations}{chapter.4}% 36
\BOOKMARK [2][-]{subsection.4.1.1}{Numerical Optimization}{section.4.1}% 37
\BOOKMARK [2][-]{subsection.4.1.2}{Modularity}{section.4.1}% 38
\BOOKMARK [1][-]{section.4.2}{System Architecture}{chapter.4}% 39
\BOOKMARK [1][-]{section.4.3}{Inputs and outputs}{chapter.4}% 40
\BOOKMARK [1][-]{section.4.4}{Searcher}{chapter.4}% 41
\BOOKMARK [1][-]{section.4.5}{Selector}{chapter.4}% 42
\BOOKMARK [2][-]{subsection.4.5.1}{Exact vs. Closest Match}{section.4.5}% 43
\BOOKMARK [1][-]{section.4.6}{Deployer}{chapter.4}% 44
\BOOKMARK [2][-]{subsection.4.6.1}{VM Provision}{section.4.6}% 45
\BOOKMARK [2][-]{subsection.4.6.2}{Application Deployment}{section.4.6}% 46
\BOOKMARK [2][-]{subsection.4.6.3}{Simulated Deployment}{section.4.6}% 47
\BOOKMARK [1][-]{section.4.7}{Interpreter}{chapter.4}% 48
\BOOKMARK [0][-]{chapter.5}{Bayesian VM Optimization System}{}% 49
\BOOKMARK [1][-]{section.5.1}{Bayesian Optimization}{chapter.5}% 50
\BOOKMARK [1][-]{section.5.2}{VM Docker Deployment}{chapter.5}% 51
\BOOKMARK [1][-]{section.5.3}{Search space encoding}{chapter.5}% 52
\BOOKMARK [1][-]{section.5.4}{Objective Measure}{chapter.5}% 53
\BOOKMARK [0][-]{chapter.6}{Implementation}{}% 54
\BOOKMARK [1][-]{section.6.1}{General usage}{chapter.6}% 55
\BOOKMARK [1][-]{section.6.2}{Searcher}{chapter.6}% 56
\BOOKMARK [2][-]{subsection.6.2.1}{Spearmint}{section.6.2}% 57
\BOOKMARK [2][-]{subsection.6.2.2}{Search space encoding}{section.6.2}% 58
\BOOKMARK [1][-]{section.6.3}{Driver}{chapter.6}% 59
\BOOKMARK [1][-]{section.6.4}{Selector}{chapter.6}% 60
\BOOKMARK [2][-]{subsection.6.4.1}{Exact Match}{section.6.4}% 61
\BOOKMARK [1][-]{section.6.5}{Deployer}{chapter.6}% 62
\BOOKMARK [2][-]{subsection.6.5.1}{VM Provisioner}{section.6.5}% 63
\BOOKMARK [2][-]{subsection.6.5.2}{Docker deployer}{section.6.5}% 64
\BOOKMARK [2][-]{subsection.6.5.3}{Ping servers}{section.6.5}% 65
\BOOKMARK [2][-]{subsection.6.5.4}{Instance removal and Interruption handling}{section.6.5}% 66
\BOOKMARK [1][-]{section.6.6}{Interpreter}{chapter.6}% 67
\BOOKMARK [2][-]{subsection.6.6.1}{vBench}{section.6.6}% 68
\BOOKMARK [2][-]{subsection.6.6.2}{Sysbench}{section.6.6}% 69
\BOOKMARK [2][-]{subsection.6.6.3}{Cloudsuite}{section.6.6}% 70
\BOOKMARK [0][-]{chapter.7}{Evaluation}{}% 71
\BOOKMARK [1][-]{section.7.1}{Evaluation Approach}{chapter.7}% 72
\BOOKMARK [2][-]{subsection.7.1.1}{Framework evaluation}{section.7.1}% 73
\BOOKMARK [2][-]{subsection.7.1.2}{Bayesian Optimization}{section.7.1}% 74
\BOOKMARK [2][-]{subsection.7.1.3}{Evalutaion objectives}{section.7.1}% 75
\BOOKMARK [1][-]{section.7.2}{Results Analysis}{chapter.7}% 76
\BOOKMARK [2][-]{subsection.7.2.1}{Exhaustive search}{section.7.2}% 77
\BOOKMARK [2][-]{subsection.7.2.2}{Bayesian Optimization}{section.7.2}% 78
\BOOKMARK [0][-]{chapter.8}{Related and Future work}{}% 79
\BOOKMARK [0][-]{chapter.9}{Conclusion}{}% 80
