\BOOKMARK [1][-]{section.1}{Introduction}{}% 1
\BOOKMARK [2][-]{subsection.1.1}{Background}{section.1}% 2
\BOOKMARK [2][-]{subsection.1.2}{Aims and Objectives}{section.1}% 3
\BOOKMARK [2][-]{subsection.1.3}{Contributions}{section.1}% 4
\BOOKMARK [2][-]{subsection.1.4}{Dissertation Overview}{section.1}% 5
\BOOKMARK [1][-]{section.2}{Literature Survey}{}% 6
\BOOKMARK [1][-]{section.3}{Requirements Specification}{}% 7
\BOOKMARK [2][-]{subsection.3.1}{Use-case}{section.3}% 8
\BOOKMARK [1][-]{section.4}{Design}{}% 9
\BOOKMARK [2][-]{subsection.4.1}{Searcher}{section.4}% 10
\BOOKMARK [3][-]{subsubsection.4.1.1}{Example - Grid/Exhaustive search}{subsection.4.1}% 11
\BOOKMARK [3][-]{subsubsection.4.1.2}{Example - Bayesian Optimization}{subsection.4.1}% 12
\BOOKMARK [2][-]{subsection.4.2}{Selector}{section.4}% 13
\BOOKMARK [3][-]{subsubsection.4.2.1}{Example - Exact Match}{subsection.4.2}% 14
\BOOKMARK [3][-]{subsubsection.4.2.2}{Example - Closest Match}{subsection.4.2}% 15
\BOOKMARK [2][-]{subsection.4.3}{Deployer}{section.4}% 16
\BOOKMARK [3][-]{subsubsection.4.3.1}{Example - VM Provisioner}{subsection.4.3}% 17
\BOOKMARK [3][-]{subsubsection.4.3.2}{Example - Docker Deployer}{subsection.4.3}% 18
\BOOKMARK [3][-]{subsubsection.4.3.3}{Example - Ping server}{subsection.4.3}% 19
\BOOKMARK [3][-]{subsubsection.4.3.4}{Example - Fake Deploy/Old Deploy}{subsection.4.3}% 20
\BOOKMARK [2][-]{subsection.4.4}{Interpreter}{section.4}% 21
\BOOKMARK [1][-]{section.5}{Implementation}{}% 22
\BOOKMARK [2][-]{subsection.5.1}{Searcher}{section.5}% 23
\BOOKMARK [2][-]{subsection.5.2}{Selector}{section.5}% 24
\BOOKMARK [2][-]{subsection.5.3}{Interpreter}{section.5}% 25
\BOOKMARK [1][-]{section.6}{Evaluation}{}% 26
\BOOKMARK [2][-]{subsection.6.1}{Related Work}{section.6}% 27
\BOOKMARK [1][-]{section.7}{Critical discussion}{}% 28
\BOOKMARK [2][-]{subsection.7.1}{Future extensions}{section.7}% 29
\BOOKMARK [1][-]{section.8}{Conclusions}{}% 30
