Running in wrapper mode for '20102'

Running python job.

Anything printed here will end up in the output directory for job #: 20102
{'CPU': ['2'], 'Provider': ['aws'], 'Category': ['General']}
Provisioning m5.large instance from ['aws']
(1, '', '\nError: Error running plan: 1 error occurred:\n\t* provider.aws: error validating provider credentials: error calling sts:GetCallerIdentity: SignatureDoesNotMatch: Signature expired: 20190725T134643Z is now earlier than 20190725T143144Z (20190725T144644Z - 15 min.)\n\tstatus code: 403, request id: 057916dc-aeeb-11e9-9533-a337404bf18d\n\n\n\n\n')
----------------------------------------
Problem running the job:
(<class 'AttributeError'>, AttributeError("'NoneType' object has no attribute 'regs'",), <traceback object at 0x7f52fa601a48>)
Traceback (most recent call last):
  File "/mnt/d/OneDrive - University of St Andrews/Everything/Uni/Data Intensive Analysis/Dissertation/AutomatedBayesCloudSelection/venv/lib/python3.6/site-packages/spearmint/runner.py", line 41, in job_runner
    elif job.language == PYTHON: run_python_job(job)
  File "/mnt/d/OneDrive - University of St Andrews/Everything/Uni/Data Intensive Analysis/Dissertation/AutomatedBayesCloudSelection/venv/lib/python3.6/site-packages/spearmint/runner.py", line 131, in run_python_job
    result = module.main(job.id, params)
  File "/mnt/d/OneDrive - University of St Andrews/Everything/Uni/Data Intensive Analysis/Dissertation/AutomatedBayesCloudSelection/abcs_driver.py", line 63, in main
    return standard_test(job_id, params)
  File "/mnt/d/OneDrive - University of St Andrews/Everything/Uni/Data Intensive Analysis/Dissertation/AutomatedBayesCloudSelection/abcs_driver.py", line 30, in standard_test
    config = getattr(deployers, config["vars"]["deployer"])(config)
  File "/mnt/d/OneDrive - University of St Andrews/Everything/Uni/Data Intensive Analysis/Dissertation/AutomatedBayesCloudSelection/deployers.py", line 99, in vbench
    config, instance_tf, ip = vm_provision(config)
  File "/mnt/d/OneDrive - University of St Andrews/Everything/Uni/Data Intensive Analysis/Dissertation/AutomatedBayesCloudSelection/deployers.py", line 212, in vm_provision
    instance_ip = apply[1][(find.regs[0][0]+17):find.regs[0][1]]
AttributeError: 'NoneType' object has no attribute 'regs'
None
----------------------------------------
Job file reloaded.
Could not find value in output file.
Job failed in 5.15 seconds.
